-------------------------------------------------
The trace creation timestamp is: Mon Jun 13 15:50:44 22
The executable build timestamp is: Wed Jul 01 14:35:53 20
The datecode is: 2020154
The pro machine type is: x86e_win64
The process ID is: 8960
The traceback type is : CRASH
The logger exit status is: 00003
The Trail is: 0
The release is: 7.0
The product version is: 7.0.1.0
The product title is: Creo Render Studio
-------------------------------------------------
Exception EXCEPTION_ACCESS_VIOLATION has occurred in the thread 11352.

Main Thread 11352
=====================
0x00007FF7257599F1	NULL (NULL:0) (xtop:0x00007FF71E930000) ( 0x0, 0x9dfd2318, 0x9dbf8340, 0x3e9 ) 
0x00007FF72573A129	NULL (NULL:0) (xtop:0x00007FF71E930000) ( 0x3e66420, 0x0, 0x7f6a8fa0, 0x3e9c630 ) 
0x00007FF72573A37B	NULL (NULL:0) (xtop:0x00007FF71E930000) ( 0x3e66420, 0x0, 0x7f6a8fa0, 0x740721d0 ) 
0x00007FFC9DBF8B7A	NULL (NULL:0) (uitools_sh:0x00007FFC9DB80000) ( 0x2a97fec8, 0x2a97fec8, 0x7f508c70, 0x7f508c98 ) 
0x00007FFC9DBF6559	NULL (NULL:0) (uitools_sh:0x00007FFC9DB80000) ( 0x2a97fec8, 0x7f6a8fa0, 0x7f6a8fa0, 0x1f7eed00 ) 
0x00007FFC9DBF641A	NULL (NULL:0) (uitools_sh:0x00007FFC9DB80000) ( 0x2a97fec8, 0xb8fadd60, 0x1, 0x1 ) 
0x00007FF71F7F8055	NULL (NULL:0) (xtop:0x00007FF71E930000) ( 0x0, 0xb8fadd60, 0x1, 0x0 ) 
0x00007FF71F7DCFC5	NULL (NULL:0) (xtop:0x00007FF71E930000) ( 0x1f7e7450, 0x1, 0x74ae1b80, 0x0 ) 
0x00007FF71F7F8167	NULL (NULL:0) (xtop:0x00007FF71E930000) ( 0x0, 0x0, 0x3a98, 0x3 ) 
0x00007FF72739EA9B	NULL (NULL:0) (xtop:0x00007FF71E930000) ( 0x4, 0x0, 0x4, 0x0 ) 
0x00007FF727397F04	NULL (NULL:0) (xtop:0x00007FF71E930000) ( 0x1, 0xb8faf700, 0x737d0148, 0x0 ) 
0x00007FF727397FFA	NULL (NULL:0) (xtop:0x00007FF71E930000) ( 0x737d0148, 0x27397f70, 0x7325d758, 0xb8fafa40 ) 
0x00007FFCC870CD2C	NULL (NULL:0) (libui_sh:0x00007FFCC84E0000) ( 0x737d0148, 0x27397f70, 0xb8fafa40, 0x0 ) 
0x00007FFCC870E6CF	NULL (NULL:0) (libui_sh:0x00007FFCC84E0000) ( 0x27397f70, 0x0, 0x0, 0x0 ) 
0x00007FFCC84FDBDD	NULL (NULL:0) (libui_sh:0x00007FFCC84E0000) ( 0xa, 0x4, 0x737d0148, 0x0 ) 
0x00007FF727395582	NULL (NULL:0) (xtop:0x00007FF71E930000) ( 0x0, 0x0, 0x0, 0x0 ) 
0x00007FFCE5237034	NULL (NULL:0) (KERNEL32:0x00007FFCE5220000) ( 0x0, 0x0, 0x0, 0x0 ) 

Thread 7992
=====================
0x00007FFCE6B70794	NULL (NULL:0) (ntdll:0x00007FFCE6AD0000) ( 0x0, 0x0, 0x710961a0, 0x71097aa0 ) 
0x00007FFCE6B22DC7	NULL (NULL:0) (ntdll:0x00007FFCE6AD0000) ( 0x0, 0x0, 0x0, 0x0 ) 
0x00007FFCE5237034	NULL (NULL:0) (KERNEL32:0x00007FFCE5220000) ( 0x0, 0x0, 0x0, 0x0 ) 

Thread 12068
=====================
0x00007FFCE6B70794	NULL (NULL:0) (ntdll:0x00007FFCE6AD0000) ( 0x0, 0x0, 0x710961a0, 0x7109a890 ) 
0x00007FFCE6B22DC7	NULL (NULL:0) (ntdll:0x00007FFCE6AD0000) ( 0x0, 0x0, 0x0, 0x0 ) 
0x00007FFCE5237034	NULL (NULL:0) (KERNEL32:0x00007FFCE5220000) ( 0x0, 0x0, 0x0, 0x0 ) 

Thread 7424
=====================
0x00007FFCE6B70794	NULL (NULL:0) (ntdll:0x00007FFCE6AD0000) ( 0x0, 0x0, 0x710961a0, 0x7109f2c0 ) 
0x00007FFCE6B22DC7	NULL (NULL:0) (ntdll:0x00007FFCE6AD0000) ( 0x0, 0x0, 0x0, 0x0 ) 
0x00007FFCE5237034	NULL (NULL:0) (KERNEL32:0x00007FFCE5220000) ( 0x0, 0x0, 0x0, 0x0 ) 

Thread 10528
=====================
0x00007FFCE6B6CDC4	NULL (NULL:0) (ntdll:0x00007FFCE6AD0000) ( 0x7380be50, 0x74a30100, 0x1, 0x0 ) 
0x00007FFCE4201ACE	NULL (NULL:0) (KERNELBASE:0x00007FFCE41E0000) ( 0x3, 0x0, 0x0, 0x93c ) 
0x00007FFCB676C54C	NULL (NULL:0) (baselibmt:0x00007FFCB6730000) ( 0x0, 0x0, 0x0, 0x5e0 ) 
0x00007FFCBD676331	NULL (NULL:0) (coreutils_sh:0x00007FFCBD660000) ( 0x0, 0x0, 0x0, 0x0 ) 
0x00007FFCB6837AD2	NULL (NULL:0) (baselibmt:0x00007FFCB6730000) ( 0x73288400, 0x0, 0x71187600, 0x7fffffff ) 
0x00007FFCE4A41BB2	NULL (NULL:0) (ucrtbase:0x00007FFCE4A20000) ( 0x0, 0x0, 0x0, 0x0 ) 
0x00007FFCE5237034	NULL (NULL:0) (KERNEL32:0x00007FFCE5220000) ( 0x0, 0x0, 0x0, 0x0 ) 

Thread 7720
=====================
0x00007FFCE6B70794	NULL (NULL:0) (ntdll:0x00007FFCE6AD0000) ( 0x0, 0x0, 0x732ac810, 0x0 ) 
0x00007FFCE6B22DC7	NULL (NULL:0) (ntdll:0x00007FFCE6AD0000) ( 0x0, 0x0, 0x0, 0x0 ) 
0x00007FFCE5237034	NULL (NULL:0) (KERNEL32:0x00007FFCE5220000) ( 0x0, 0x0, 0x0, 0x0 ) 

Thread 12020
=====================
0x00007FFCE6B6D894	NULL (NULL:0) (ntdll:0x00007FFCE6AD0000) ( 0x0, 0x0, 0x0, 0x0 ) 
0x00007FFCE422CBC0	NULL (NULL:0) (KERNELBASE:0x00007FFCE41E0000) ( 0x0, 0x0, 0x73e554d0, 0x0 ) 
0x00007FFCE460BEE7	NULL (NULL:0) (CRYPT32:0x00007FFCE45F0000) ( 0x0, 0x0, 0x0, 0x0 ) 
0x00007FFCE5237034	NULL (NULL:0) (KERNEL32:0x00007FFCE5220000) ( 0x0, 0x0, 0x0, 0x0 ) 

Thread 8284
=====================
0x00007FFCE6B70794	NULL (NULL:0) (ntdll:0x00007FFCE6AD0000) ( 0x0, 0x710c6dd0, 0x732c15e0, 0x73f4b4e0 ) 
0x00007FFCE6B22DC7	NULL (NULL:0) (ntdll:0x00007FFCE6AD0000) ( 0x0, 0x0, 0x0, 0x0 ) 
0x00007FFCE5237034	NULL (NULL:0) (KERNEL32:0x00007FFCE5220000) ( 0x0, 0x0, 0x0, 0x0 ) 

Thread 3800
=====================
0x00007FFCE6B70794	NULL (NULL:0) (ntdll:0x00007FFCE6AD0000) ( 0x10007, 0x1, 0x1, 0x73f4e890 ) 
0x00007FFCE6B22DC7	NULL (NULL:0) (ntdll:0x00007FFCE6AD0000) ( 0x0, 0x0, 0x0, 0x0 ) 
0x00007FFCE5237034	NULL (NULL:0) (KERNEL32:0x00007FFCE5220000) ( 0x0, 0x0, 0x0, 0x0 ) 

Thread 6740
=====================
0x00007FFCE6B6CDC4	NULL (NULL:0) (ntdll:0x00007FFCE6AD0000) ( 0x0, 0x73fea040, 0x1, 0x0 ) 
0x00007FFCE4201ACE	NULL (NULL:0) (KERNELBASE:0x00007FFCE41E0000) ( 0x74c10080, 0x74c10080, 0x0, 0xa88 ) 
0x00007FFC8BBAC5FA	NULL (NULL:0) (nvoglv64:0x00007FFC8AF30000) ( 0x103, 0x7516ee08, 0x19, 0x74c10080 ) 
0x00007FFC8B92D59D	NULL (NULL:0) (nvoglv64:0x00007FFC8AF30000) ( 0x7516f2c0, 0x7516f2c0, 0x0, 0x74c10080 ) 
0x00007FFC8B92CF6E	NULL (NULL:0) (nvoglv64:0x00007FFC8AF30000) ( 0x7516f2c0, 0x0, 0x0, 0x0 ) 
0x00007FFC8BBAD748	NULL (NULL:0) (nvoglv64:0x00007FFC8AF30000) ( 0x0, 0x0, 0x0, 0x0 ) 
0x00007FFCE5237034	NULL (NULL:0) (KERNEL32:0x00007FFCE5220000) ( 0x0, 0x0, 0x0, 0x0 ) 

Thread 9452
=====================
0x00007FFCE6B6D894	NULL (NULL:0) (ntdll:0x00007FFCE6AD0000) ( 0xc02ff630, 0xc02ff498, 0x200, 0x710c5870 ) 
0x00007FFCE422CBC0	NULL (NULL:0) (KERNELBASE:0x00007FFCE41E0000) ( 0x0, 0x12, 0x732c8a20, 0x0 ) 
0x00007FFCE422CABE	NULL (NULL:0) (KERNELBASE:0x00007FFCE41E0000) ( 0xc02ff810, 0x0, 0x0, 0x0 ) 
0x00007FFC8BBE5B17	NULL (NULL:0) (nvoglv64:0x00007FFC8AF30000) ( 0x73f7f710, 0x73edf760, 0x0, 0x0 ) 
0x00007FFC8BBE5049	NULL (NULL:0) (nvoglv64:0x00007FFC8AF30000) ( 0x0, 0x0, 0x0, 0x0 ) 
0x00007FFC8C0B6C28	NULL (NULL:0) (nvoglv64:0x00007FFC8AF30000) ( 0x0, 0x0, 0x0, 0x0 ) 
0x00007FFCE5237034	NULL (NULL:0) (KERNEL32:0x00007FFCE5220000) ( 0x0, 0x0, 0x0, 0x0 ) 

Thread 10188
=====================
0x00007FFCE6B6F054	NULL (NULL:0) (ntdll:0x00007FFCE6AD0000) ( 0x0, 0x0, 0xc0aaf968, 0x0 ) 
0x00007FFCE42125E0	NULL (NULL:0) (KERNELBASE:0x00007FFCE41E0000) ( 0x0, 0x0, 0x0, 0x0 ) 
0x00007FFCC86B8E8E	NULL (NULL:0) (libui_sh:0x00007FFCC84E0000) ( 0x4, 0x1, 0x4, 0x740bc528 ) 
0x00007FFCE5237034	NULL (NULL:0) (KERNEL32:0x00007FFCE5220000) ( 0x0, 0x0, 0x0, 0x0 ) 

Thread 11624
=====================
0x00007FFCE6B70794	NULL (NULL:0) (ntdll:0x00007FFCE6AD0000) ( 0x710930d8, 0x710930d8, 0x71090b50, 0x748637d0 ) 
0x00007FFCE6B22DC7	NULL (NULL:0) (ntdll:0x00007FFCE6AD0000) ( 0x0, 0x0, 0x0, 0x0 ) 
0x00007FFCE5237034	NULL (NULL:0) (KERNEL32:0x00007FFCE5220000) ( 0x0, 0x0, 0x0, 0x0 ) 

Thread 9812
=====================
0x00007FFCE6B70794	NULL (NULL:0) (ntdll:0x00007FFCE6AD0000) ( 0x710930d8, 0x710930d8, 0x71090b50, 0x74864480 ) 
0x00007FFCE6B22DC7	NULL (NULL:0) (ntdll:0x00007FFCE6AD0000) ( 0x0, 0x0, 0x0, 0x0 ) 
0x00007FFCE5237034	NULL (NULL:0) (KERNEL32:0x00007FFCE5220000) ( 0x0, 0x0, 0x0, 0x0 ) 

Thread 2956
=====================
0x00007FFCE6B6D894	NULL (NULL:0) (ntdll:0x00007FFCE6AD0000) ( 0xbaae2634, 0xe6ae7955, 0xe6c3a4d0, 0xb8638000 ) 
0x00007FFCE422CBC0	NULL (NULL:0) (KERNELBASE:0x00007FFCE41E0000) ( 0x0, 0x0, 0x0, 0x0 ) 
0x00007FFCE573B776	NULL (NULL:0) (combase:0x00007FFCE5700000) ( 0x0, 0x0, 0x7488bc40, 0xe57a5121 ) 
0x00007FFCE573B5F0	NULL (NULL:0) (combase:0x00007FFCE5700000) ( 0xffffffff, 0x74846040, 0x0, 0x0 ) 
0x00007FFCE573B400	NULL (NULL:0) (combase:0x00007FFCE5700000) ( 0x0, 0x0, 0x0, 0x0 ) 
0x00007FFCE573B389	NULL (NULL:0) (combase:0x00007FFCE5700000) ( 0x0, 0x0, 0x0, 0x0 ) 
0x00007FFCE5237034	NULL (NULL:0) (KERNEL32:0x00007FFCE5220000) ( 0x0, 0x0, 0x0, 0x0 ) 

Thread 5504
=====================
0x00007FFCE6B6CE64	NULL (NULL:0) (ntdll:0x00007FFCE6AD0000) ( 0x0, 0x0, 0x1, 0xe39a0000 ) 
0x00007FFCE39A10AB	NULL (NULL:0) (mswsock:0x00007FFCE39A0000) ( 0xe39ad620, 0x7487bd40, 0x0, 0x0 ) 
0x00007FFCE5237034	NULL (NULL:0) (KERNEL32:0x00007FFCE5220000) ( 0x0, 0x0, 0x0, 0x0 ) 

Thread 4200
=====================
0x00007FFCE44B1104	NULL (NULL:0) (win32u:0x00007FFCE44B0000) ( 0x0, 0x0, 0x0, 0x0 ) 
0x00007FFCE50286C6	NULL (NULL:0) (USER32:0x00007FFCE5000000) ( 0x0, 0x0, 0x0, 0x0 ) 
0x00007FF72578A2C3	NULL (NULL:0) (xtop:0x00007FF71E930000) ( 0x0, 0x0, 0x0, 0x0 ) 
0x00007FFCE5237034	NULL (NULL:0) (KERNEL32:0x00007FFCE5220000) ( 0x0, 0x0, 0x0, 0x0 ) 

Thread 11088
=====================
0x00007FFCE6B6D3C4	NULL (NULL:0) (ntdll:0x00007FFCE6AD0000) ( 0xc578ed38, 0xe6ae6777, 0xc578ed00, 0x1 ) 
0x00007FFCE42296DE	NULL (NULL:0) (KERNELBASE:0x00007FFCE41E0000) ( 0x8af30000, 0x0, 0xc00000bb, 0x0 ) 
0x00007FFC8BBD3A02	NULL (NULL:0) (nvoglv64:0x00007FFC8AF30000) ( 0x0, 0x0, 0x0, 0x0 ) 
0x00007FFCE5237034	NULL (NULL:0) (KERNEL32:0x00007FFCE5220000) ( 0x0, 0x0, 0x0, 0x0 ) 

Thread 10644
=====================
0x00007FFCE44BA104	NULL (NULL:0) (win32u:0x00007FFCE44B0000) ( 0x0, 0xe42487fb, 0x0, 0x8af30000 ) 
0x00007FFCE502078E	NULL (NULL:0) (USER32:0x00007FFCE5000000) ( 0x0, 0xc5f3fc20, 0x0, 0x7489f720 ) 
0x00007FFC8BBA49BF	NULL (NULL:0) (nvoglv64:0x00007FFC8AF30000) ( 0x0, 0x0, 0x0, 0x0 ) 
0x00007FFCE5237034	NULL (NULL:0) (KERNEL32:0x00007FFCE5220000) ( 0x0, 0x0, 0x0, 0x0 ) 
